TN:
SF:script\util.js
FN:1,(anonymous_0)
FN:6,(anonymous_1)
FN:18,(anonymous_2)
FN:28,(anonymous_3)
FN:35,(anonymous_4)
FN:38,(anonymous_5)
FNF:6
FNH:6
FNDA:3,(anonymous_0)
FNDA:2,(anonymous_1)
FNDA:1,(anonymous_2)
FNDA:1,(anonymous_3)
FNDA:1,(anonymous_4)
FNDA:1,(anonymous_5)
DA:1,2
DA:2,3
DA:6,2
DA:7,2
DA:8,2
DA:10,2
DA:13,2
DA:15,2
DA:18,2
DA:19,1
DA:21,0
DA:24,1
DA:28,2
DA:30,1
DA:31,1
DA:32,1
DA:33,1
DA:35,2
DA:36,1
DA:38,2
DA:39,1
LF:21
LH:20
BRDA:8,0,0,0
BRDA:8,0,1,2
BRDA:10,1,0,0
BRDA:10,1,1,2
BRDA:10,2,0,2
BRDA:10,2,1,1
BRDA:13,3,0,0
BRDA:13,3,1,2
BRDA:13,4,0,2
BRDA:13,4,1,1
BRDA:19,5,0,0
BRDA:19,5,1,1
BRDA:19,6,0,1
BRDA:19,6,1,1
BRDA:39,7,0,1
BRDA:39,7,1,0
BRF:16
BRH:11
end_of_record
